[2025-04-12T09:15:36.230+0000] {manager.py:469} INFO - Processing files using up to 2 processes at a time 
[2025-04-12T09:15:36.230+0000] {manager.py:470} INFO - Process each file at most once every 30 seconds
[2025-04-12T09:15:36.231+0000] {manager.py:471} INFO - Checking for new files in /opt/airflow/dags every 300 seconds
[2025-04-12T09:15:36.231+0000] {manager.py:738} INFO - Searching for files in /opt/airflow/dags
[2025-04-12T09:15:36.232+0000] {manager.py:741} INFO - There are 0 files in /opt/airflow/dags
[2025-04-12T09:20:36.546+0000] {manager.py:738} INFO - Searching for files in /opt/airflow/dags
[2025-04-12T09:20:36.547+0000] {manager.py:741} INFO - There are 0 files in /opt/airflow/dags
[2025-04-12T09:25:36.844+0000] {manager.py:738} INFO - Searching for files in /opt/airflow/dags
[2025-04-12T09:25:36.846+0000] {manager.py:741} INFO - There are 0 files in /opt/airflow/dags
[2025-04-12T09:30:37.078+0000] {manager.py:738} INFO - Searching for files in /opt/airflow/dags
[2025-04-12T09:30:37.078+0000] {manager.py:741} INFO - There are 0 files in /opt/airflow/dags
[2025-04-12T09:35:37.318+0000] {manager.py:738} INFO - Searching for files in /opt/airflow/dags
[2025-04-12T09:35:37.319+0000] {manager.py:741} INFO - There are 0 files in /opt/airflow/dags
[2025-04-12T09:40:37.511+0000] {manager.py:738} INFO - Searching for files in /opt/airflow/dags
[2025-04-12T09:40:37.512+0000] {manager.py:741} INFO - There are 0 files in /opt/airflow/dags
[2025-04-12T09:45:37.713+0000] {manager.py:738} INFO - Searching for files in /opt/airflow/dags
[2025-04-12T09:45:37.714+0000] {manager.py:741} INFO - There are 0 files in /opt/airflow/dags
[2025-04-12T09:50:37.960+0000] {manager.py:738} INFO - Searching for files in /opt/airflow/dags
[2025-04-12T09:50:37.961+0000] {manager.py:741} INFO - There are 0 files in /opt/airflow/dags
[2025-04-12T09:55:38.230+0000] {manager.py:738} INFO - Searching for files in /opt/airflow/dags
[2025-04-12T09:55:38.231+0000] {manager.py:741} INFO - There are 0 files in /opt/airflow/dags
[2025-04-12T10:00:38.453+0000] {manager.py:738} INFO - Searching for files in /opt/airflow/dags
[2025-04-12T10:00:38.453+0000] {manager.py:741} INFO - There are 0 files in /opt/airflow/dags
[2025-04-12T10:05:38.757+0000] {manager.py:738} INFO - Searching for files in /opt/airflow/dags
[2025-04-12T10:05:38.758+0000] {manager.py:741} INFO - There are 0 files in /opt/airflow/dags
[2025-04-12T10:10:38.922+0000] {manager.py:738} INFO - Searching for files in /opt/airflow/dags
[2025-04-12T10:10:38.930+0000] {manager.py:741} INFO - There are 0 files in /opt/airflow/dags
[2025-04-12T10:15:39.165+0000] {manager.py:738} INFO - Searching for files in /opt/airflow/dags
[2025-04-12T10:15:39.172+0000] {manager.py:741} INFO - There are 0 files in /opt/airflow/dags
[2025-04-12T10:20:39.531+0000] {manager.py:738} INFO - Searching for files in /opt/airflow/dags
[2025-04-12T10:20:39.534+0000] {manager.py:741} INFO - There are 1 files in /opt/airflow/dags
[2025-04-12T10:20:52.886+0000] {manager.py:879} INFO - 
================================================================================
DAG File Processing Stats

File Path                            PID    Runtime      # DAGs    # Errors  Last Runtime    Last Run
-----------------------------------  -----  ---------  --------  ----------  --------------  -------------------
/opt/airflow/dags/crawl_data_dag.py                           1           0  0.35s           2025-04-12T10:20:40
================================================================================
[2025-04-12T10:21:23.335+0000] {manager.py:879} INFO - 
================================================================================
DAG File Processing Stats

File Path                            PID    Runtime      # DAGs    # Errors  Last Runtime    Last Run
-----------------------------------  -----  ---------  --------  ----------  --------------  -------------------
/opt/airflow/dags/crawl_data_dag.py                           1           0  0.12s           2025-04-12T10:21:10
================================================================================
[2025-04-12T10:21:53.549+0000] {manager.py:879} INFO - 
================================================================================
DAG File Processing Stats

File Path                            PID    Runtime      # DAGs    # Errors  Last Runtime    Last Run
-----------------------------------  -----  ---------  --------  ----------  --------------  -------------------
/opt/airflow/dags/crawl_data_dag.py                           1           0  0.11s           2025-04-12T10:21:40
================================================================================
[2025-04-12T10:22:23.751+0000] {manager.py:879} INFO - 
================================================================================
DAG File Processing Stats

File Path                            PID    Runtime      # DAGs    # Errors  Last Runtime    Last Run
-----------------------------------  -----  ---------  --------  ----------  --------------  -------------------
/opt/airflow/dags/crawl_data_dag.py                           1           0  0.10s           2025-04-12T10:22:10
================================================================================
[2025-04-12T10:22:53.911+0000] {manager.py:879} INFO - 
================================================================================
DAG File Processing Stats

File Path                            PID    Runtime      # DAGs    # Errors  Last Runtime    Last Run
-----------------------------------  -----  ---------  --------  ----------  --------------  -------------------
/opt/airflow/dags/crawl_data_dag.py                           1           0  0.11s           2025-04-12T10:22:40
================================================================================
[2025-04-12T10:23:24.092+0000] {manager.py:879} INFO - 
================================================================================
DAG File Processing Stats

File Path                            PID    Runtime      # DAGs    # Errors  Last Runtime    Last Run
-----------------------------------  -----  ---------  --------  ----------  --------------  -------------------
/opt/airflow/dags/crawl_data_dag.py                           1           0  0.12s           2025-04-12T10:23:11
================================================================================
[2025-04-12T10:23:54.279+0000] {manager.py:879} INFO - 
================================================================================
DAG File Processing Stats

File Path                            PID    Runtime      # DAGs    # Errors  Last Runtime    Last Run
-----------------------------------  -----  ---------  --------  ----------  --------------  -------------------
/opt/airflow/dags/crawl_data_dag.py                           1           0  0.12s           2025-04-12T10:23:41
================================================================================
[2025-04-12T10:24:24.457+0000] {manager.py:879} INFO - 
================================================================================
DAG File Processing Stats

File Path                            PID    Runtime      # DAGs    # Errors  Last Runtime    Last Run
-----------------------------------  -----  ---------  --------  ----------  --------------  -------------------
/opt/airflow/dags/crawl_data_dag.py                           1           0  0.12s           2025-04-12T10:24:11
================================================================================
[2025-04-12T10:24:54.655+0000] {manager.py:879} INFO - 
================================================================================
DAG File Processing Stats

File Path                            PID    Runtime      # DAGs    # Errors  Last Runtime    Last Run
-----------------------------------  -----  ---------  --------  ----------  --------------  -------------------
/opt/airflow/dags/crawl_data_dag.py                           1           0  0.11s           2025-04-12T10:24:41
================================================================================
[2025-04-12T10:25:24.808+0000] {manager.py:879} INFO - 
================================================================================
DAG File Processing Stats

File Path                            PID    Runtime      # DAGs    # Errors  Last Runtime    Last Run
-----------------------------------  -----  ---------  --------  ----------  --------------  -------------------
/opt/airflow/dags/crawl_data_dag.py                           1           0  0.12s           2025-04-12T10:25:11
================================================================================
[2025-04-12T10:25:39.866+0000] {manager.py:738} INFO - Searching for files in /opt/airflow/dags
[2025-04-12T10:25:39.868+0000] {manager.py:741} INFO - There are 1 files in /opt/airflow/dags
[2025-04-12T10:25:54.996+0000] {manager.py:879} INFO - 
================================================================================
DAG File Processing Stats

File Path                            PID    Runtime      # DAGs    # Errors  Last Runtime    Last Run
-----------------------------------  -----  ---------  --------  ----------  --------------  -------------------
/opt/airflow/dags/crawl_data_dag.py                           1           0  0.18s           2025-04-12T10:25:42
================================================================================
[2025-04-12T10:26:25.233+0000] {manager.py:879} INFO - 
================================================================================
DAG File Processing Stats

File Path                            PID    Runtime      # DAGs    # Errors  Last Runtime    Last Run
-----------------------------------  -----  ---------  --------  ----------  --------------  -------------------
/opt/airflow/dags/crawl_data_dag.py                           1           0  0.11s           2025-04-12T10:26:12
================================================================================
[2025-04-12T10:26:55.434+0000] {manager.py:879} INFO - 
================================================================================
DAG File Processing Stats

File Path                            PID    Runtime      # DAGs    # Errors  Last Runtime    Last Run
-----------------------------------  -----  ---------  --------  ----------  --------------  -------------------
/opt/airflow/dags/crawl_data_dag.py                           1           0  0.13s           2025-04-12T10:26:42
================================================================================
[2025-04-12T10:27:25.594+0000] {manager.py:879} INFO - 
================================================================================
DAG File Processing Stats

File Path                            PID    Runtime      # DAGs    # Errors  Last Runtime    Last Run
-----------------------------------  -----  ---------  --------  ----------  --------------  -------------------
/opt/airflow/dags/crawl_data_dag.py                           1           0  0.11s           2025-04-12T10:27:12
================================================================================
[2025-04-12T10:27:55.801+0000] {manager.py:879} INFO - 
================================================================================
DAG File Processing Stats

File Path                            PID    Runtime      # DAGs    # Errors  Last Runtime    Last Run
-----------------------------------  -----  ---------  --------  ----------  --------------  -------------------
/opt/airflow/dags/crawl_data_dag.py                           1           0  0.11s           2025-04-12T10:27:42
================================================================================
[2025-04-12T10:28:25.951+0000] {manager.py:879} INFO - 
================================================================================
DAG File Processing Stats

File Path                            PID    Runtime      # DAGs    # Errors  Last Runtime    Last Run
-----------------------------------  -----  ---------  --------  ----------  --------------  -------------------
/opt/airflow/dags/crawl_data_dag.py                           1           0  0.10s           2025-04-12T10:28:12
================================================================================
[2025-04-12T10:28:56.155+0000] {manager.py:879} INFO - 
================================================================================
DAG File Processing Stats

File Path                            PID    Runtime      # DAGs    # Errors  Last Runtime    Last Run
-----------------------------------  -----  ---------  --------  ----------  --------------  -------------------
/opt/airflow/dags/crawl_data_dag.py                           1           0  0.11s           2025-04-12T10:28:43
================================================================================
[2025-04-12T10:29:26.316+0000] {manager.py:879} INFO - 
================================================================================
DAG File Processing Stats

File Path                            PID    Runtime      # DAGs    # Errors  Last Runtime    Last Run
-----------------------------------  -----  ---------  --------  ----------  --------------  -------------------
/opt/airflow/dags/crawl_data_dag.py                           1           0  0.11s           2025-04-12T10:29:13
================================================================================
[2025-04-12T10:29:56.525+0000] {manager.py:879} INFO - 
================================================================================
DAG File Processing Stats

File Path                            PID    Runtime      # DAGs    # Errors  Last Runtime    Last Run
-----------------------------------  -----  ---------  --------  ----------  --------------  -------------------
/opt/airflow/dags/crawl_data_dag.py                           1           0  0.11s           2025-04-12T10:29:43
================================================================================
[2025-04-12T10:30:26.677+0000] {manager.py:879} INFO - 
================================================================================
DAG File Processing Stats

File Path                            PID    Runtime      # DAGs    # Errors  Last Runtime    Last Run
-----------------------------------  -----  ---------  --------  ----------  --------------  -------------------
/opt/airflow/dags/crawl_data_dag.py                           1           0  0.11s           2025-04-12T10:30:13
================================================================================
[2025-04-12T10:30:40.738+0000] {manager.py:738} INFO - Searching for files in /opt/airflow/dags
[2025-04-12T10:30:40.739+0000] {manager.py:741} INFO - There are 1 files in /opt/airflow/dags
[2025-04-12T10:30:56.879+0000] {manager.py:879} INFO - 
================================================================================
DAG File Processing Stats

File Path                            PID    Runtime      # DAGs    # Errors  Last Runtime    Last Run
-----------------------------------  -----  ---------  --------  ----------  --------------  -------------------
/opt/airflow/dags/crawl_data_dag.py                           1           0  0.11s           2025-04-12T10:30:43
================================================================================
[2025-04-12T10:31:27.046+0000] {manager.py:879} INFO - 
================================================================================
DAG File Processing Stats

File Path                            PID    Runtime      # DAGs    # Errors  Last Runtime    Last Run
-----------------------------------  -----  ---------  --------  ----------  --------------  -------------------
/opt/airflow/dags/crawl_data_dag.py                           1           0  0.12s           2025-04-12T10:31:14
================================================================================
[2025-04-12T10:31:57.257+0000] {manager.py:879} INFO - 
================================================================================
DAG File Processing Stats

File Path                            PID    Runtime      # DAGs    # Errors  Last Runtime    Last Run
-----------------------------------  -----  ---------  --------  ----------  --------------  -------------------
/opt/airflow/dags/crawl_data_dag.py                           1           0  0.11s           2025-04-12T10:31:44
================================================================================
[2025-04-12T10:32:27.424+0000] {manager.py:879} INFO - 
================================================================================
DAG File Processing Stats

File Path                            PID    Runtime      # DAGs    # Errors  Last Runtime    Last Run
-----------------------------------  -----  ---------  --------  ----------  --------------  -------------------
/opt/airflow/dags/crawl_data_dag.py                           1           0  0.12s           2025-04-12T10:32:14
================================================================================
[2025-04-12T10:32:57.624+0000] {manager.py:879} INFO - 
================================================================================
DAG File Processing Stats

File Path                            PID    Runtime      # DAGs    # Errors  Last Runtime    Last Run
-----------------------------------  -----  ---------  --------  ----------  --------------  -------------------
/opt/airflow/dags/crawl_data_dag.py                           1           0  0.12s           2025-04-12T10:32:44
================================================================================
[2025-04-12T10:33:27.760+0000] {manager.py:879} INFO - 
================================================================================
DAG File Processing Stats

File Path                            PID    Runtime      # DAGs    # Errors  Last Runtime    Last Run
-----------------------------------  -----  ---------  --------  ----------  --------------  -------------------
/opt/airflow/dags/crawl_data_dag.py                           1           0  0.12s           2025-04-12T10:33:14
================================================================================
[2025-04-12T10:33:57.953+0000] {manager.py:879} INFO - 
================================================================================
DAG File Processing Stats

File Path                            PID    Runtime      # DAGs    # Errors  Last Runtime    Last Run
-----------------------------------  -----  ---------  --------  ----------  --------------  -------------------
/opt/airflow/dags/crawl_data_dag.py                           1           0  0.11s           2025-04-12T10:33:44
================================================================================
[2025-04-12T10:34:28.078+0000] {manager.py:879} INFO - 
================================================================================
DAG File Processing Stats

File Path                            PID    Runtime      # DAGs    # Errors  Last Runtime    Last Run
-----------------------------------  -----  ---------  --------  ----------  --------------  -------------------
/opt/airflow/dags/crawl_data_dag.py                           1           0  0.10s           2025-04-12T10:34:15
================================================================================
[2025-04-12T10:34:58.275+0000] {manager.py:879} INFO - 
================================================================================
DAG File Processing Stats

File Path                            PID    Runtime      # DAGs    # Errors  Last Runtime    Last Run
-----------------------------------  -----  ---------  --------  ----------  --------------  -------------------
/opt/airflow/dags/crawl_data_dag.py                           1           0  0.11s           2025-04-12T10:34:45
================================================================================
[2025-04-12T10:35:28.428+0000] {manager.py:879} INFO - 
================================================================================
DAG File Processing Stats

File Path                            PID    Runtime      # DAGs    # Errors  Last Runtime    Last Run
-----------------------------------  -----  ---------  --------  ----------  --------------  -------------------
/opt/airflow/dags/crawl_data_dag.py                           1           0  0.09s           2025-04-12T10:35:15
================================================================================
[2025-04-12T10:35:41.486+0000] {manager.py:738} INFO - Searching for files in /opt/airflow/dags
[2025-04-12T10:35:41.488+0000] {manager.py:741} INFO - There are 1 files in /opt/airflow/dags
[2025-04-12T10:35:58.608+0000] {manager.py:879} INFO - 
================================================================================
DAG File Processing Stats

File Path                            PID    Runtime      # DAGs    # Errors  Last Runtime    Last Run
-----------------------------------  -----  ---------  --------  ----------  --------------  -------------------
/opt/airflow/dags/crawl_data_dag.py                           1           0  0.12s           2025-04-12T10:35:45
================================================================================
[2025-04-12T10:36:28.784+0000] {manager.py:879} INFO - 
================================================================================
DAG File Processing Stats

File Path                            PID    Runtime      # DAGs    # Errors  Last Runtime    Last Run
-----------------------------------  -----  ---------  --------  ----------  --------------  -------------------
/opt/airflow/dags/crawl_data_dag.py                           1           0  0.11s           2025-04-12T10:36:15
================================================================================
[2025-04-12T10:36:58.965+0000] {manager.py:879} INFO - 
================================================================================
DAG File Processing Stats

File Path                            PID    Runtime      # DAGs    # Errors  Last Runtime    Last Run
-----------------------------------  -----  ---------  --------  ----------  --------------  -------------------
/opt/airflow/dags/crawl_data_dag.py                           1           0  0.12s           2025-04-12T10:36:45
================================================================================
[2025-04-12T10:37:29.146+0000] {manager.py:879} INFO - 
================================================================================
DAG File Processing Stats

File Path                            PID    Runtime      # DAGs    # Errors  Last Runtime    Last Run
-----------------------------------  -----  ---------  --------  ----------  --------------  -------------------
/opt/airflow/dags/crawl_data_dag.py                           1           0  0.11s           2025-04-12T10:37:16
================================================================================
[2025-04-12T10:37:59.373+0000] {manager.py:879} INFO - 
================================================================================
DAG File Processing Stats

File Path                            PID    Runtime      # DAGs    # Errors  Last Runtime    Last Run
-----------------------------------  -----  ---------  --------  ----------  --------------  -------------------
/opt/airflow/dags/crawl_data_dag.py                           1           0  0.20s           2025-04-12T10:37:47
================================================================================
[2025-04-12T10:38:29.619+0000] {manager.py:879} INFO - 
================================================================================
DAG File Processing Stats

File Path                            PID    Runtime      # DAGs    # Errors  Last Runtime    Last Run
-----------------------------------  -----  ---------  --------  ----------  --------------  -------------------
/opt/airflow/dags/crawl_data_dag.py                           1           0  0.10s           2025-04-12T10:38:17
================================================================================
[2025-04-12T10:38:59.827+0000] {manager.py:879} INFO - 
================================================================================
DAG File Processing Stats

File Path                            PID    Runtime      # DAGs    # Errors  Last Runtime    Last Run
-----------------------------------  -----  ---------  --------  ----------  --------------  -------------------
/opt/airflow/dags/crawl_data_dag.py                           1           0  0.10s           2025-04-12T10:38:47
================================================================================
[2025-04-12T10:39:29.974+0000] {manager.py:879} INFO - 
================================================================================
DAG File Processing Stats

File Path                            PID    Runtime      # DAGs    # Errors  Last Runtime    Last Run
-----------------------------------  -----  ---------  --------  ----------  --------------  -------------------
/opt/airflow/dags/crawl_data_dag.py                           1           0  0.11s           2025-04-12T10:39:18
================================================================================
[2025-04-12T10:40:00.158+0000] {manager.py:879} INFO - 
================================================================================
DAG File Processing Stats

File Path                            PID    Runtime      # DAGs    # Errors  Last Runtime    Last Run
-----------------------------------  -----  ---------  --------  ----------  --------------  -------------------
/opt/airflow/dags/crawl_data_dag.py                           1           0  0.09s           2025-04-12T10:39:48
================================================================================
[2025-04-12T10:40:30.292+0000] {manager.py:879} INFO - 
================================================================================
DAG File Processing Stats

File Path                            PID    Runtime      # DAGs    # Errors  Last Runtime    Last Run
-----------------------------------  -----  ---------  --------  ----------  --------------  -------------------
/opt/airflow/dags/crawl_data_dag.py                           1           0  0.11s           2025-04-12T10:40:18
================================================================================
[2025-04-12T10:40:42.339+0000] {manager.py:738} INFO - Searching for files in /opt/airflow/dags
[2025-04-12T10:40:42.341+0000] {manager.py:741} INFO - There are 1 files in /opt/airflow/dags
[2025-04-12T10:41:00.477+0000] {manager.py:879} INFO - 
================================================================================
DAG File Processing Stats

File Path                            PID    Runtime      # DAGs    # Errors  Last Runtime    Last Run
-----------------------------------  -----  ---------  --------  ----------  --------------  -------------------
/opt/airflow/dags/crawl_data_dag.py                           1           0  0.09s           2025-04-12T10:40:48
================================================================================
[2025-04-12T10:41:30.623+0000] {manager.py:879} INFO - 
================================================================================
DAG File Processing Stats

File Path                            PID    Runtime      # DAGs    # Errors  Last Runtime    Last Run
-----------------------------------  -----  ---------  --------  ----------  --------------  -------------------
/opt/airflow/dags/crawl_data_dag.py                           1           0  0.18s           2025-04-12T10:41:18
================================================================================
[2025-04-12T10:42:00.918+0000] {manager.py:879} INFO - 
================================================================================
DAG File Processing Stats

File Path                            PID    Runtime      # DAGs    # Errors  Last Runtime    Last Run
-----------------------------------  -----  ---------  --------  ----------  --------------  -------------------
/opt/airflow/dags/crawl_data_dag.py                           1           0  0.12s           2025-04-12T10:41:48
================================================================================
[2025-04-12T10:42:31.137+0000] {manager.py:879} INFO - 
================================================================================
DAG File Processing Stats

File Path                            PID    Runtime      # DAGs    # Errors  Last Runtime    Last Run
-----------------------------------  -----  ---------  --------  ----------  --------------  -------------------
/opt/airflow/dags/crawl_data_dag.py                           1           0  0.10s           2025-04-12T10:42:19
================================================================================
[2025-04-12T10:43:01.298+0000] {manager.py:879} INFO - 
================================================================================
DAG File Processing Stats

File Path                            PID    Runtime      # DAGs    # Errors  Last Runtime    Last Run
-----------------------------------  -----  ---------  --------  ----------  --------------  -------------------
/opt/airflow/dags/crawl_data_dag.py                           1           0  0.11s           2025-04-12T10:42:49
================================================================================
[2025-04-12T10:43:31.495+0000] {manager.py:879} INFO - 
================================================================================
DAG File Processing Stats

File Path                            PID    Runtime      # DAGs    # Errors  Last Runtime    Last Run
-----------------------------------  -----  ---------  --------  ----------  --------------  -------------------
/opt/airflow/dags/crawl_data_dag.py                           1           0  0.11s           2025-04-12T10:43:19
================================================================================
[2025-04-12T10:44:01.662+0000] {manager.py:879} INFO - 
================================================================================
DAG File Processing Stats

File Path                            PID    Runtime      # DAGs    # Errors  Last Runtime    Last Run
-----------------------------------  -----  ---------  --------  ----------  --------------  -------------------
/opt/airflow/dags/crawl_data_dag.py                           1           0  0.10s           2025-04-12T10:43:49
================================================================================
[2025-04-12T10:44:31.834+0000] {manager.py:879} INFO - 
================================================================================
DAG File Processing Stats

File Path                            PID    Runtime      # DAGs    # Errors  Last Runtime    Last Run
-----------------------------------  -----  ---------  --------  ----------  --------------  -------------------
/opt/airflow/dags/crawl_data_dag.py                           1           0  0.10s           2025-04-12T10:44:19
================================================================================
[2025-04-12T10:45:02.006+0000] {manager.py:879} INFO - 
================================================================================
DAG File Processing Stats

File Path                            PID    Runtime      # DAGs    # Errors  Last Runtime    Last Run
-----------------------------------  -----  ---------  --------  ----------  --------------  -------------------
/opt/airflow/dags/crawl_data_dag.py                           1           0  0.11s           2025-04-12T10:44:50
================================================================================
[2025-04-12T10:45:32.187+0000] {manager.py:879} INFO - 
================================================================================
DAG File Processing Stats

File Path                            PID    Runtime      # DAGs    # Errors  Last Runtime    Last Run
-----------------------------------  -----  ---------  --------  ----------  --------------  -------------------
/opt/airflow/dags/crawl_data_dag.py                           1           0  0.25s           2025-04-12T10:45:20
================================================================================
[2025-04-12T10:45:42.418+0000] {manager.py:738} INFO - Searching for files in /opt/airflow/dags
[2025-04-12T10:45:42.420+0000] {manager.py:741} INFO - There are 1 files in /opt/airflow/dags
[2025-04-12T10:46:02.515+0000] {manager.py:879} INFO - 
================================================================================
DAG File Processing Stats

File Path                            PID    Runtime      # DAGs    # Errors  Last Runtime    Last Run
-----------------------------------  -----  ---------  --------  ----------  --------------  -------------------
/opt/airflow/dags/crawl_data_dag.py                           1           0  0.10s           2025-04-12T10:45:50
================================================================================
[2025-04-12T10:46:32.713+0000] {manager.py:879} INFO - 
================================================================================
DAG File Processing Stats

File Path                            PID    Runtime      # DAGs    # Errors  Last Runtime    Last Run
-----------------------------------  -----  ---------  --------  ----------  --------------  -------------------
/opt/airflow/dags/crawl_data_dag.py                           1           0  0.09s           2025-04-12T10:46:20
================================================================================
[2025-04-12T10:47:02.863+0000] {manager.py:879} INFO - 
================================================================================
DAG File Processing Stats

File Path                            PID    Runtime      # DAGs    # Errors  Last Runtime    Last Run
-----------------------------------  -----  ---------  --------  ----------  --------------  -------------------
/opt/airflow/dags/crawl_data_dag.py                           1           0  0.10s           2025-04-12T10:46:50
================================================================================
[2025-04-12T10:47:33.046+0000] {manager.py:879} INFO - 
================================================================================
DAG File Processing Stats

File Path                            PID    Runtime      # DAGs    # Errors  Last Runtime    Last Run
-----------------------------------  -----  ---------  --------  ----------  --------------  -------------------
/opt/airflow/dags/crawl_data_dag.py                           1           0  0.10s           2025-04-12T10:47:21
================================================================================
[2025-04-12T10:48:03.201+0000] {manager.py:879} INFO - 
================================================================================
DAG File Processing Stats

File Path                            PID    Runtime      # DAGs    # Errors  Last Runtime    Last Run
-----------------------------------  -----  ---------  --------  ----------  --------------  -------------------
/opt/airflow/dags/crawl_data_dag.py                           1           0  0.10s           2025-04-12T10:47:51
================================================================================
[2025-04-12T10:48:33.385+0000] {manager.py:879} INFO - 
================================================================================
DAG File Processing Stats

File Path                            PID    Runtime      # DAGs    # Errors  Last Runtime    Last Run
-----------------------------------  -----  ---------  --------  ----------  --------------  -------------------
/opt/airflow/dags/crawl_data_dag.py                           1           0  0.10s           2025-04-12T10:48:21
================================================================================
[2025-04-12T10:49:03.556+0000] {manager.py:879} INFO - 
================================================================================
DAG File Processing Stats

File Path                            PID    Runtime      # DAGs    # Errors  Last Runtime    Last Run
-----------------------------------  -----  ---------  --------  ----------  --------------  -------------------
/opt/airflow/dags/crawl_data_dag.py                           1           0  0.10s           2025-04-12T10:48:51
================================================================================
[2025-04-12T10:49:33.725+0000] {manager.py:879} INFO - 
================================================================================
DAG File Processing Stats

File Path                            PID    Runtime      # DAGs    # Errors  Last Runtime    Last Run
-----------------------------------  -----  ---------  --------  ----------  --------------  -------------------
/opt/airflow/dags/crawl_data_dag.py                           1           0  0.10s           2025-04-12T10:49:21
================================================================================
[2025-04-12T10:50:03.908+0000] {manager.py:879} INFO - 
================================================================================
DAG File Processing Stats

File Path                            PID    Runtime      # DAGs    # Errors  Last Runtime    Last Run
-----------------------------------  -----  ---------  --------  ----------  --------------  -------------------
/opt/airflow/dags/crawl_data_dag.py                           1           0  0.15s           2025-04-12T10:49:51
================================================================================
[2025-04-12T10:50:34.110+0000] {manager.py:879} INFO - 
================================================================================
DAG File Processing Stats

File Path                            PID    Runtime      # DAGs    # Errors  Last Runtime    Last Run
-----------------------------------  -----  ---------  --------  ----------  --------------  -------------------
/opt/airflow/dags/crawl_data_dag.py                           1           0  0.10s           2025-04-12T10:50:22
================================================================================
[2025-04-12T10:50:43.151+0000] {manager.py:738} INFO - Searching for files in /opt/airflow/dags
[2025-04-12T10:50:43.153+0000] {manager.py:741} INFO - There are 1 files in /opt/airflow/dags
[2025-04-12T10:51:04.291+0000] {manager.py:879} INFO - 
================================================================================
DAG File Processing Stats

File Path                            PID    Runtime      # DAGs    # Errors  Last Runtime    Last Run
-----------------------------------  -----  ---------  --------  ----------  --------------  -------------------
/opt/airflow/dags/crawl_data_dag.py                           1           0  0.12s           2025-04-12T10:50:52
================================================================================
[2025-04-12T10:51:27.387+0000] {manager.py:451} INFO - Exiting gracefully upon receiving signal 15
[2025-04-12T10:51:42.066+0000] {manager.py:469} INFO - Processing files using up to 2 processes at a time 
[2025-04-12T10:51:42.072+0000] {manager.py:470} INFO - Process each file at most once every 30 seconds
[2025-04-12T10:51:42.073+0000] {manager.py:471} INFO - Checking for new files in /opt/airflow/dags every 300 seconds
[2025-04-12T10:51:42.073+0000] {manager.py:738} INFO - Searching for files in /opt/airflow/dags
[2025-04-12T10:51:42.074+0000] {manager.py:741} INFO - There are 1 files in /opt/airflow/dags
[2025-04-12T10:51:42.381+0000] {manager.py:879} INFO - 
================================================================================
DAG File Processing Stats

File Path                              PID  Runtime      # DAGs    # Errors  Last Runtime    Last Run
-----------------------------------  -----  ---------  --------  ----------  --------------  ----------
/opt/airflow/dags/crawl_data_dag.py    171  0.05s             0           0
================================================================================
[2025-04-12T10:52:12.513+0000] {manager.py:879} INFO - 
================================================================================
DAG File Processing Stats

File Path                              PID  Runtime      # DAGs    # Errors  Last Runtime    Last Run
-----------------------------------  -----  ---------  --------  ----------  --------------  -------------------
/opt/airflow/dags/crawl_data_dag.py    176  0.01s             1           0  0.10s           2025-04-12T10:51:42
================================================================================
[2025-04-12T10:52:42.656+0000] {manager.py:879} INFO - 
================================================================================
DAG File Processing Stats

File Path                            PID    Runtime      # DAGs    # Errors  Last Runtime    Last Run
-----------------------------------  -----  ---------  --------  ----------  --------------  -------------------
/opt/airflow/dags/crawl_data_dag.py                           1           0  0.28s           2025-04-12T10:52:12
================================================================================
[2025-04-12T10:53:13.032+0000] {manager.py:879} INFO - 
================================================================================
DAG File Processing Stats

File Path                              PID  Runtime      # DAGs    # Errors  Last Runtime    Last Run
-----------------------------------  -----  ---------  --------  ----------  --------------  -------------------
/opt/airflow/dags/crawl_data_dag.py    188  0.01s             1           0  0.10s           2025-04-12T10:52:42
================================================================================
[2025-04-12T10:53:43.221+0000] {manager.py:879} INFO - 
================================================================================
DAG File Processing Stats

File Path                              PID  Runtime      # DAGs    # Errors  Last Runtime    Last Run
-----------------------------------  -----  ---------  --------  ----------  --------------  -------------------
/opt/airflow/dags/crawl_data_dag.py    193  0.01s             1           0  0.10s           2025-04-12T10:53:13
================================================================================
[2025-04-12T10:54:13.368+0000] {manager.py:879} INFO - 
================================================================================
DAG File Processing Stats

File Path                              PID  Runtime      # DAGs    # Errors  Last Runtime    Last Run
-----------------------------------  -----  ---------  --------  ----------  --------------  -------------------
/opt/airflow/dags/crawl_data_dag.py    198  0.01s             1           0  0.11s           2025-04-12T10:53:43
================================================================================
[2025-04-12T10:54:43.558+0000] {manager.py:879} INFO - 
================================================================================
DAG File Processing Stats

File Path                              PID  Runtime      # DAGs    # Errors  Last Runtime    Last Run
-----------------------------------  -----  ---------  --------  ----------  --------------  -------------------
/opt/airflow/dags/crawl_data_dag.py    203  0.01s             1           0  0.10s           2025-04-12T10:54:13
================================================================================
[2025-04-12T10:55:13.710+0000] {manager.py:879} INFO - 
================================================================================
DAG File Processing Stats

File Path                              PID  Runtime      # DAGs    # Errors  Last Runtime    Last Run
-----------------------------------  -----  ---------  --------  ----------  --------------  -------------------
/opt/airflow/dags/crawl_data_dag.py    208  0.01s             1           0  0.09s           2025-04-12T10:54:43
================================================================================
[2025-04-12T10:55:43.889+0000] {manager.py:879} INFO - 
================================================================================
DAG File Processing Stats

File Path                              PID  Runtime      # DAGs    # Errors  Last Runtime    Last Run
-----------------------------------  -----  ---------  --------  ----------  --------------  -------------------
/opt/airflow/dags/crawl_data_dag.py    213  0.01s             1           0  0.10s           2025-04-12T10:55:13
================================================================================
[2025-04-12T10:56:14.056+0000] {manager.py:879} INFO - 
================================================================================
DAG File Processing Stats

File Path                              PID  Runtime      # DAGs    # Errors  Last Runtime    Last Run
-----------------------------------  -----  ---------  --------  ----------  --------------  -------------------
/opt/airflow/dags/crawl_data_dag.py    218  0.01s             1           0  0.10s           2025-04-12T10:55:43
================================================================================
[2025-04-12T10:56:42.194+0000] {manager.py:738} INFO - Searching for files in /opt/airflow/dags
[2025-04-12T10:56:42.196+0000] {manager.py:741} INFO - There are 1 files in /opt/airflow/dags
[2025-04-12T10:56:44.237+0000] {manager.py:879} INFO - 
================================================================================
DAG File Processing Stats

File Path                              PID  Runtime      # DAGs    # Errors  Last Runtime    Last Run
-----------------------------------  -----  ---------  --------  ----------  --------------  -------------------
/opt/airflow/dags/crawl_data_dag.py    223  0.01s             1           0  0.11s           2025-04-12T10:56:14
================================================================================
[2025-04-12T10:56:57.838+0000] {manager.py:451} INFO - Exiting gracefully upon receiving signal 15
[2025-04-12T10:57:25.349+0000] {manager.py:469} INFO - Processing files using up to 2 processes at a time 
[2025-04-12T10:57:25.350+0000] {manager.py:470} INFO - Process each file at most once every 30 seconds
[2025-04-12T10:57:25.350+0000] {manager.py:471} INFO - Checking for new files in /opt/airflow/dags every 300 seconds
[2025-04-12T10:57:25.350+0000] {manager.py:738} INFO - Searching for files in /opt/airflow/dags
[2025-04-12T10:57:25.351+0000] {manager.py:741} INFO - There are 1 files in /opt/airflow/dags
[2025-04-12T10:57:25.683+0000] {manager.py:879} INFO - 
================================================================================
DAG File Processing Stats

File Path                              PID  Runtime      # DAGs    # Errors  Last Runtime    Last Run
-----------------------------------  -----  ---------  --------  ----------  --------------  ----------
/opt/airflow/dags/crawl_data_dag.py    175  0.03s             0           0
================================================================================
[2025-04-12T10:57:55.812+0000] {manager.py:879} INFO - 
================================================================================
DAG File Processing Stats

File Path                              PID  Runtime      # DAGs    # Errors  Last Runtime    Last Run
-----------------------------------  -----  ---------  --------  ----------  --------------  -------------------
/opt/airflow/dags/crawl_data_dag.py    184  0.01s             1           0  0.10s           2025-04-12T10:57:25
================================================================================
[2025-04-12T10:58:26.008+0000] {manager.py:879} INFO - 
================================================================================
DAG File Processing Stats

File Path                              PID  Runtime      # DAGs    # Errors  Last Runtime    Last Run
-----------------------------------  -----  ---------  --------  ----------  --------------  -------------------
/opt/airflow/dags/crawl_data_dag.py    189  0.01s             1           0  0.11s           2025-04-12T10:57:55
================================================================================
[2025-04-12T10:58:56.212+0000] {manager.py:879} INFO - 
================================================================================
DAG File Processing Stats

File Path                            PID    Runtime      # DAGs    # Errors  Last Runtime    Last Run
-----------------------------------  -----  ---------  --------  ----------  --------------  -------------------
/opt/airflow/dags/crawl_data_dag.py                           1           0  0.09s           2025-04-12T10:58:35
================================================================================
[2025-04-12T10:59:26.353+0000] {manager.py:879} INFO - 
================================================================================
DAG File Processing Stats

File Path                            PID    Runtime      # DAGs    # Errors  Last Runtime    Last Run
-----------------------------------  -----  ---------  --------  ----------  --------------  -------------------
/opt/airflow/dags/crawl_data_dag.py                           1           0  0.25s           2025-04-12T10:59:05
================================================================================
[2025-04-12T10:59:56.700+0000] {manager.py:879} INFO - 
================================================================================
DAG File Processing Stats

File Path                            PID    Runtime      # DAGs    # Errors  Last Runtime    Last Run
-----------------------------------  -----  ---------  --------  ----------  --------------  -------------------
/opt/airflow/dags/crawl_data_dag.py                           1           0  0.10s           2025-04-12T10:59:35
================================================================================
[2025-04-12T11:00:26.900+0000] {manager.py:879} INFO - 
================================================================================
DAG File Processing Stats

File Path                            PID    Runtime      # DAGs    # Errors  Last Runtime    Last Run
-----------------------------------  -----  ---------  --------  ----------  --------------  -------------------
/opt/airflow/dags/crawl_data_dag.py                           1           0  0.10s           2025-04-12T11:00:05
================================================================================
[2025-04-12T11:00:57.058+0000] {manager.py:879} INFO - 
================================================================================
DAG File Processing Stats

File Path                            PID    Runtime      # DAGs    # Errors  Last Runtime    Last Run
-----------------------------------  -----  ---------  --------  ----------  --------------  -------------------
/opt/airflow/dags/crawl_data_dag.py                           1           0  0.10s           2025-04-12T11:00:36
================================================================================
[2025-04-12T11:01:27.234+0000] {manager.py:879} INFO - 
================================================================================
DAG File Processing Stats

File Path                            PID    Runtime      # DAGs    # Errors  Last Runtime    Last Run
-----------------------------------  -----  ---------  --------  ----------  --------------  -------------------
/opt/airflow/dags/crawl_data_dag.py                           1           0  0.10s           2025-04-12T11:01:06
================================================================================
[2025-04-12T11:01:57.402+0000] {manager.py:879} INFO - 
================================================================================
DAG File Processing Stats

File Path                            PID    Runtime      # DAGs    # Errors  Last Runtime    Last Run
-----------------------------------  -----  ---------  --------  ----------  --------------  -------------------
/opt/airflow/dags/crawl_data_dag.py                           1           0  0.11s           2025-04-12T11:01:36
================================================================================
[2025-04-12T11:02:25.571+0000] {manager.py:738} INFO - Searching for files in /opt/airflow/dags
[2025-04-12T11:02:25.574+0000] {manager.py:741} INFO - There are 1 files in /opt/airflow/dags
[2025-04-12T11:02:27.602+0000] {manager.py:879} INFO - 
================================================================================
DAG File Processing Stats

File Path                            PID    Runtime      # DAGs    # Errors  Last Runtime    Last Run
-----------------------------------  -----  ---------  --------  ----------  --------------  -------------------
/opt/airflow/dags/crawl_data_dag.py                           1           0  0.11s           2025-04-12T11:02:06
================================================================================
[2025-04-12T11:02:57.779+0000] {manager.py:879} INFO - 
================================================================================
DAG File Processing Stats

File Path                            PID    Runtime      # DAGs    # Errors  Last Runtime    Last Run
-----------------------------------  -----  ---------  --------  ----------  --------------  -------------------
/opt/airflow/dags/crawl_data_dag.py                           1           0  0.10s           2025-04-12T11:02:36
================================================================================
[2025-04-12T11:03:27.970+0000] {manager.py:879} INFO - 
================================================================================
DAG File Processing Stats

File Path                            PID    Runtime      # DAGs    # Errors  Last Runtime    Last Run
-----------------------------------  -----  ---------  --------  ----------  --------------  -------------------
/opt/airflow/dags/crawl_data_dag.py                           1           0  0.10s           2025-04-12T11:03:06
================================================================================
[2025-04-12T11:03:58.122+0000] {manager.py:879} INFO - 
================================================================================
DAG File Processing Stats

File Path                            PID    Runtime      # DAGs    # Errors  Last Runtime    Last Run
-----------------------------------  -----  ---------  --------  ----------  --------------  -------------------
/opt/airflow/dags/crawl_data_dag.py                           1           0  0.09s           2025-04-12T11:03:37
================================================================================
[2025-04-12T11:04:28.318+0000] {manager.py:879} INFO - 
================================================================================
DAG File Processing Stats

File Path                            PID    Runtime      # DAGs    # Errors  Last Runtime    Last Run
-----------------------------------  -----  ---------  --------  ----------  --------------  -------------------
/opt/airflow/dags/crawl_data_dag.py                           1           0  0.10s           2025-04-12T11:04:07
================================================================================
[2025-04-12T11:04:58.484+0000] {manager.py:879} INFO - 
================================================================================
DAG File Processing Stats

File Path                            PID    Runtime      # DAGs    # Errors  Last Runtime    Last Run
-----------------------------------  -----  ---------  --------  ----------  --------------  -------------------
/opt/airflow/dags/crawl_data_dag.py                           1           0  0.09s           2025-04-12T11:04:37
================================================================================
[2025-04-12T11:05:28.686+0000] {manager.py:879} INFO - 
================================================================================
DAG File Processing Stats

File Path                            PID    Runtime      # DAGs    # Errors  Last Runtime    Last Run
-----------------------------------  -----  ---------  --------  ----------  --------------  -------------------
/opt/airflow/dags/crawl_data_dag.py                           1           0  0.10s           2025-04-12T11:05:07
================================================================================
[2025-04-12T11:05:58.840+0000] {manager.py:879} INFO - 
================================================================================
DAG File Processing Stats

File Path                            PID    Runtime      # DAGs    # Errors  Last Runtime    Last Run
-----------------------------------  -----  ---------  --------  ----------  --------------  -------------------
/opt/airflow/dags/crawl_data_dag.py                           1           0  0.09s           2025-04-12T11:05:37
================================================================================
[2025-04-12T11:06:29.010+0000] {manager.py:879} INFO - 
================================================================================
DAG File Processing Stats

File Path                            PID    Runtime      # DAGs    # Errors  Last Runtime    Last Run
-----------------------------------  -----  ---------  --------  ----------  --------------  -------------------
/opt/airflow/dags/crawl_data_dag.py                           1           0  0.09s           2025-04-12T11:06:07
================================================================================
[2025-04-12T11:06:59.165+0000] {manager.py:879} INFO - 
================================================================================
DAG File Processing Stats

File Path                            PID    Runtime      # DAGs    # Errors  Last Runtime    Last Run
-----------------------------------  -----  ---------  --------  ----------  --------------  -------------------
/opt/airflow/dags/crawl_data_dag.py                           1           0  0.09s           2025-04-12T11:06:38
================================================================================
[2025-04-12T11:07:26.320+0000] {manager.py:738} INFO - Searching for files in /opt/airflow/dags
[2025-04-12T11:07:26.321+0000] {manager.py:741} INFO - There are 1 files in /opt/airflow/dags
[2025-04-12T11:07:29.349+0000] {manager.py:879} INFO - 
================================================================================
DAG File Processing Stats

File Path                            PID    Runtime      # DAGs    # Errors  Last Runtime    Last Run
-----------------------------------  -----  ---------  --------  ----------  --------------  -------------------
/opt/airflow/dags/crawl_data_dag.py                           1           0  0.09s           2025-04-12T11:07:08
================================================================================
[2025-04-12T11:07:59.510+0000] {manager.py:879} INFO - 
================================================================================
DAG File Processing Stats

File Path                            PID    Runtime      # DAGs    # Errors  Last Runtime    Last Run
-----------------------------------  -----  ---------  --------  ----------  --------------  -------------------
/opt/airflow/dags/crawl_data_dag.py                           1           0  0.10s           2025-04-12T11:07:38
================================================================================
[2025-04-12T11:08:29.694+0000] {manager.py:879} INFO - 
================================================================================
DAG File Processing Stats

File Path                            PID    Runtime      # DAGs    # Errors  Last Runtime    Last Run
-----------------------------------  -----  ---------  --------  ----------  --------------  -------------------
/opt/airflow/dags/crawl_data_dag.py                           1           0  0.11s           2025-04-12T11:08:08
================================================================================
[2025-04-12T11:08:59.846+0000] {manager.py:879} INFO - 
================================================================================
DAG File Processing Stats

File Path                            PID    Runtime      # DAGs    # Errors  Last Runtime    Last Run
-----------------------------------  -----  ---------  --------  ----------  --------------  -------------------
/opt/airflow/dags/crawl_data_dag.py                           1           0  0.09s           2025-04-12T11:08:38
================================================================================
[2025-04-12T11:09:30.027+0000] {manager.py:879} INFO - 
================================================================================
DAG File Processing Stats

File Path                            PID    Runtime      # DAGs    # Errors  Last Runtime    Last Run
-----------------------------------  -----  ---------  --------  ----------  --------------  -------------------
/opt/airflow/dags/crawl_data_dag.py                           1           0  0.09s           2025-04-12T11:09:08
================================================================================
[2025-04-12T11:10:00.190+0000] {manager.py:879} INFO - 
================================================================================
DAG File Processing Stats

File Path                            PID    Runtime      # DAGs    # Errors  Last Runtime    Last Run
-----------------------------------  -----  ---------  --------  ----------  --------------  -------------------
/opt/airflow/dags/crawl_data_dag.py                           1           0  0.10s           2025-04-12T11:09:39
================================================================================
[2025-04-12T11:10:30.388+0000] {manager.py:879} INFO - 
================================================================================
DAG File Processing Stats

File Path                            PID    Runtime      # DAGs    # Errors  Last Runtime    Last Run
-----------------------------------  -----  ---------  --------  ----------  --------------  -------------------
/opt/airflow/dags/crawl_data_dag.py                           1           0  0.11s           2025-04-12T11:10:09
================================================================================
[2025-04-12T11:11:00.545+0000] {manager.py:879} INFO - 
================================================================================
DAG File Processing Stats

File Path                            PID    Runtime      # DAGs    # Errors  Last Runtime    Last Run
-----------------------------------  -----  ---------  --------  ----------  --------------  -------------------
/opt/airflow/dags/crawl_data_dag.py                           1           0  0.10s           2025-04-12T11:10:39
================================================================================
[2025-04-12T11:11:30.722+0000] {manager.py:879} INFO - 
================================================================================
DAG File Processing Stats

File Path                            PID    Runtime      # DAGs    # Errors  Last Runtime    Last Run
-----------------------------------  -----  ---------  --------  ----------  --------------  -------------------
/opt/airflow/dags/crawl_data_dag.py                           1           0  0.11s           2025-04-12T11:11:09
================================================================================
[2025-04-12T11:12:00.892+0000] {manager.py:879} INFO - 
================================================================================
DAG File Processing Stats

File Path                            PID    Runtime      # DAGs    # Errors  Last Runtime    Last Run
-----------------------------------  -----  ---------  --------  ----------  --------------  -------------------
/opt/airflow/dags/crawl_data_dag.py                           1           0  0.10s           2025-04-12T11:11:39
================================================================================
[2025-04-12T11:12:27.062+0000] {manager.py:738} INFO - Searching for files in /opt/airflow/dags
[2025-04-12T11:12:27.065+0000] {manager.py:741} INFO - There are 1 files in /opt/airflow/dags
[2025-04-12T11:12:31.100+0000] {manager.py:879} INFO - 
================================================================================
DAG File Processing Stats

File Path                            PID    Runtime      # DAGs    # Errors  Last Runtime    Last Run
-----------------------------------  -----  ---------  --------  ----------  --------------  -------------------
/opt/airflow/dags/crawl_data_dag.py                           1           0  0.12s           2025-04-12T11:12:10
================================================================================
[2025-04-12T11:13:01.295+0000] {manager.py:879} INFO - 
================================================================================
DAG File Processing Stats

File Path                            PID    Runtime      # DAGs    # Errors  Last Runtime    Last Run
-----------------------------------  -----  ---------  --------  ----------  --------------  -------------------
/opt/airflow/dags/crawl_data_dag.py                           1           0  0.11s           2025-04-12T11:12:40
================================================================================
[2025-04-12T11:13:31.497+0000] {manager.py:879} INFO - 
================================================================================
DAG File Processing Stats

File Path                            PID    Runtime      # DAGs    # Errors  Last Runtime    Last Run
-----------------------------------  -----  ---------  --------  ----------  --------------  -------------------
/opt/airflow/dags/crawl_data_dag.py                           1           0  0.09s           2025-04-12T11:13:10
================================================================================
[2025-04-12T11:14:01.675+0000] {manager.py:879} INFO - 
================================================================================
DAG File Processing Stats

File Path                            PID    Runtime      # DAGs    # Errors  Last Runtime    Last Run
-----------------------------------  -----  ---------  --------  ----------  --------------  -------------------
/opt/airflow/dags/crawl_data_dag.py                           1           0  0.11s           2025-04-12T11:13:40
================================================================================
[2025-04-12T11:14:31.889+0000] {manager.py:879} INFO - 
================================================================================
DAG File Processing Stats

File Path                            PID    Runtime      # DAGs    # Errors  Last Runtime    Last Run
-----------------------------------  -----  ---------  --------  ----------  --------------  -------------------
/opt/airflow/dags/crawl_data_dag.py                           1           0  0.11s           2025-04-12T11:14:10
================================================================================
[2025-04-12T11:15:02.057+0000] {manager.py:879} INFO - 
================================================================================
DAG File Processing Stats

File Path                            PID    Runtime      # DAGs    # Errors  Last Runtime    Last Run
-----------------------------------  -----  ---------  --------  ----------  --------------  -------------------
/opt/airflow/dags/crawl_data_dag.py                           1           0  0.11s           2025-04-12T11:14:41
================================================================================
[2025-04-12T11:15:32.263+0000] {manager.py:879} INFO - 
================================================================================
DAG File Processing Stats

File Path                            PID    Runtime      # DAGs    # Errors  Last Runtime    Last Run
-----------------------------------  -----  ---------  --------  ----------  --------------  -------------------
/opt/airflow/dags/crawl_data_dag.py                           1           0  0.10s           2025-04-12T11:15:11
================================================================================
[2025-04-12T11:16:02.428+0000] {manager.py:879} INFO - 
================================================================================
DAG File Processing Stats

File Path                            PID    Runtime      # DAGs    # Errors  Last Runtime    Last Run
-----------------------------------  -----  ---------  --------  ----------  --------------  -------------------
/opt/airflow/dags/crawl_data_dag.py                           1           0  0.10s           2025-04-12T11:15:41
================================================================================
[2025-04-12T11:16:32.622+0000] {manager.py:879} INFO - 
================================================================================
DAG File Processing Stats

File Path                            PID    Runtime      # DAGs    # Errors  Last Runtime    Last Run
-----------------------------------  -----  ---------  --------  ----------  --------------  -------------------
/opt/airflow/dags/crawl_data_dag.py                           1           0  0.11s           2025-04-12T11:16:11
================================================================================
[2025-04-12T11:17:02.778+0000] {manager.py:879} INFO - 
================================================================================
DAG File Processing Stats

File Path                            PID    Runtime      # DAGs    # Errors  Last Runtime    Last Run
-----------------------------------  -----  ---------  --------  ----------  --------------  -------------------
/opt/airflow/dags/crawl_data_dag.py                           1           0  0.10s           2025-04-12T11:16:41
================================================================================
[2025-04-12T11:17:27.958+0000] {manager.py:738} INFO - Searching for files in /opt/airflow/dags
[2025-04-12T11:17:27.961+0000] {manager.py:741} INFO - There are 1 files in /opt/airflow/dags
[2025-04-12T11:17:33.004+0000] {manager.py:879} INFO - 
================================================================================
DAG File Processing Stats

File Path                            PID    Runtime      # DAGs    # Errors  Last Runtime    Last Run
-----------------------------------  -----  ---------  --------  ----------  --------------  -------------------
/opt/airflow/dags/crawl_data_dag.py                           1           0  0.10s           2025-04-12T11:17:11
================================================================================
[2025-04-12T11:18:03.180+0000] {manager.py:879} INFO - 
================================================================================
DAG File Processing Stats

File Path                            PID    Runtime      # DAGs    # Errors  Last Runtime    Last Run
-----------------------------------  -----  ---------  --------  ----------  --------------  -------------------
/opt/airflow/dags/crawl_data_dag.py                           1           0  0.11s           2025-04-12T11:17:42
================================================================================
[2025-04-12T11:18:33.388+0000] {manager.py:879} INFO - 
================================================================================
DAG File Processing Stats

File Path                            PID    Runtime      # DAGs    # Errors  Last Runtime    Last Run
-----------------------------------  -----  ---------  --------  ----------  --------------  -------------------
/opt/airflow/dags/crawl_data_dag.py                           1           0  0.10s           2025-04-12T11:18:12
================================================================================
[2025-04-12T11:19:03.561+0000] {manager.py:879} INFO - 
================================================================================
DAG File Processing Stats

File Path                            PID    Runtime      # DAGs    # Errors  Last Runtime    Last Run
-----------------------------------  -----  ---------  --------  ----------  --------------  -------------------
/opt/airflow/dags/crawl_data_dag.py                           1           0  0.11s           2025-04-12T11:18:42
================================================================================
[2025-04-12T11:19:33.755+0000] {manager.py:879} INFO - 
================================================================================
DAG File Processing Stats

File Path                            PID    Runtime      # DAGs    # Errors  Last Runtime    Last Run
-----------------------------------  -----  ---------  --------  ----------  --------------  -------------------
/opt/airflow/dags/crawl_data_dag.py                           1           0  0.11s           2025-04-12T11:19:12
================================================================================
[2025-04-12T11:20:03.934+0000] {manager.py:879} INFO - 
================================================================================
DAG File Processing Stats

File Path                            PID    Runtime      # DAGs    # Errors  Last Runtime    Last Run
-----------------------------------  -----  ---------  --------  ----------  --------------  -------------------
/opt/airflow/dags/crawl_data_dag.py                           1           0  0.09s           2025-04-12T11:19:42
================================================================================
[2025-04-12T11:20:34.123+0000] {manager.py:879} INFO - 
================================================================================
DAG File Processing Stats

File Path                            PID    Runtime      # DAGs    # Errors  Last Runtime    Last Run
-----------------------------------  -----  ---------  --------  ----------  --------------  -------------------
/opt/airflow/dags/crawl_data_dag.py                           1           0  0.09s           2025-04-12T11:20:13
================================================================================
[2025-04-12T11:21:04.300+0000] {manager.py:879} INFO - 
================================================================================
DAG File Processing Stats

File Path                            PID    Runtime      # DAGs    # Errors  Last Runtime    Last Run
-----------------------------------  -----  ---------  --------  ----------  --------------  -------------------
/opt/airflow/dags/crawl_data_dag.py                           1           0  0.11s           2025-04-12T11:20:43
================================================================================
[2025-04-12T11:21:34.486+0000] {manager.py:879} INFO - 
================================================================================
DAG File Processing Stats

File Path                            PID    Runtime      # DAGs    # Errors  Last Runtime    Last Run
-----------------------------------  -----  ---------  --------  ----------  --------------  -------------------
/opt/airflow/dags/crawl_data_dag.py                           1           0  0.10s           2025-04-12T11:21:13
================================================================================
[2025-04-12T11:22:04.648+0000] {manager.py:879} INFO - 
================================================================================
DAG File Processing Stats

File Path                            PID    Runtime      # DAGs    # Errors  Last Runtime    Last Run
-----------------------------------  -----  ---------  --------  ----------  --------------  -------------------
/opt/airflow/dags/crawl_data_dag.py                           1           0  0.10s           2025-04-12T11:21:43
================================================================================
[2025-04-12T11:22:28.806+0000] {manager.py:738} INFO - Searching for files in /opt/airflow/dags
[2025-04-12T11:22:28.808+0000] {manager.py:741} INFO - There are 1 files in /opt/airflow/dags
[2025-04-12T11:22:34.846+0000] {manager.py:879} INFO - 
================================================================================
DAG File Processing Stats

File Path                            PID    Runtime      # DAGs    # Errors  Last Runtime    Last Run
-----------------------------------  -----  ---------  --------  ----------  --------------  -------------------
/opt/airflow/dags/crawl_data_dag.py                           1           0  0.09s           2025-04-12T11:22:13
================================================================================
[2025-04-12T11:23:04.987+0000] {manager.py:879} INFO - 
================================================================================
DAG File Processing Stats

File Path                            PID    Runtime      # DAGs    # Errors  Last Runtime    Last Run
-----------------------------------  -----  ---------  --------  ----------  --------------  -------------------
/opt/airflow/dags/crawl_data_dag.py                           1           0  0.09s           2025-04-12T11:22:43
================================================================================
[2025-04-12T11:23:35.178+0000] {manager.py:879} INFO - 
================================================================================
DAG File Processing Stats

File Path                            PID    Runtime      # DAGs    # Errors  Last Runtime    Last Run
-----------------------------------  -----  ---------  --------  ----------  --------------  -------------------
/opt/airflow/dags/crawl_data_dag.py                           1           0  0.10s           2025-04-12T11:23:14
================================================================================
[2025-04-12T11:24:05.347+0000] {manager.py:879} INFO - 
================================================================================
DAG File Processing Stats

File Path                            PID    Runtime      # DAGs    # Errors  Last Runtime    Last Run
-----------------------------------  -----  ---------  --------  ----------  --------------  -------------------
/opt/airflow/dags/crawl_data_dag.py                           1           0  0.10s           2025-04-12T11:23:44
================================================================================
[2025-04-12T11:24:35.541+0000] {manager.py:879} INFO - 
================================================================================
DAG File Processing Stats

File Path                            PID    Runtime      # DAGs    # Errors  Last Runtime    Last Run
-----------------------------------  -----  ---------  --------  ----------  --------------  -------------------
/opt/airflow/dags/crawl_data_dag.py                           1           0  0.10s           2025-04-12T11:24:14
================================================================================
[2025-04-12T11:25:05.686+0000] {manager.py:879} INFO - 
================================================================================
DAG File Processing Stats

File Path                            PID    Runtime      # DAGs    # Errors  Last Runtime    Last Run
-----------------------------------  -----  ---------  --------  ----------  --------------  -------------------
/opt/airflow/dags/crawl_data_dag.py                           1           0  0.09s           2025-04-12T11:24:44
================================================================================
[2025-04-12T11:25:35.886+0000] {manager.py:879} INFO - 
================================================================================
DAG File Processing Stats

File Path                            PID    Runtime      # DAGs    # Errors  Last Runtime    Last Run
-----------------------------------  -----  ---------  --------  ----------  --------------  -------------------
/opt/airflow/dags/crawl_data_dag.py                           1           0  0.09s           2025-04-12T11:25:14
================================================================================
[2025-04-12T11:26:06.050+0000] {manager.py:879} INFO - 
================================================================================
DAG File Processing Stats

File Path                            PID    Runtime      # DAGs    # Errors  Last Runtime    Last Run
-----------------------------------  -----  ---------  --------  ----------  --------------  -------------------
/opt/airflow/dags/crawl_data_dag.py                           1           0  0.10s           2025-04-12T11:25:45
================================================================================
[2025-04-12T11:26:36.246+0000] {manager.py:879} INFO - 
================================================================================
DAG File Processing Stats

File Path                            PID    Runtime      # DAGs    # Errors  Last Runtime    Last Run
-----------------------------------  -----  ---------  --------  ----------  --------------  -------------------
/opt/airflow/dags/crawl_data_dag.py                           1           0  0.10s           2025-04-12T11:26:15
================================================================================
[2025-04-12T11:27:06.408+0000] {manager.py:879} INFO - 
================================================================================
DAG File Processing Stats

File Path                            PID    Runtime      # DAGs    # Errors  Last Runtime    Last Run
-----------------------------------  -----  ---------  --------  ----------  --------------  -------------------
/opt/airflow/dags/crawl_data_dag.py                           1           0  0.11s           2025-04-12T11:26:45
================================================================================
[2025-04-12T11:27:29.590+0000] {manager.py:738} INFO - Searching for files in /opt/airflow/dags
[2025-04-12T11:27:29.593+0000] {manager.py:741} INFO - There are 1 files in /opt/airflow/dags
[2025-04-12T11:27:36.639+0000] {manager.py:879} INFO - 
================================================================================
DAG File Processing Stats

File Path                            PID    Runtime      # DAGs    # Errors  Last Runtime    Last Run
-----------------------------------  -----  ---------  --------  ----------  --------------  -------------------
/opt/airflow/dags/crawl_data_dag.py                           1           0  0.09s           2025-04-12T11:27:15
================================================================================
[2025-04-12T11:28:06.806+0000] {manager.py:879} INFO - 
================================================================================
DAG File Processing Stats

File Path                            PID    Runtime      # DAGs    # Errors  Last Runtime    Last Run
-----------------------------------  -----  ---------  --------  ----------  --------------  -------------------
/opt/airflow/dags/crawl_data_dag.py                           1           0  0.11s           2025-04-12T11:27:45
================================================================================
[2025-04-12T11:28:37.012+0000] {manager.py:879} INFO - 
================================================================================
DAG File Processing Stats

File Path                            PID    Runtime      # DAGs    # Errors  Last Runtime    Last Run
-----------------------------------  -----  ---------  --------  ----------  --------------  -------------------
/opt/airflow/dags/crawl_data_dag.py                           1           0  0.10s           2025-04-12T11:28:15
================================================================================
[2025-04-12T11:29:07.156+0000] {manager.py:879} INFO - 
================================================================================
DAG File Processing Stats

File Path                            PID    Runtime      # DAGs    # Errors  Last Runtime    Last Run
-----------------------------------  -----  ---------  --------  ----------  --------------  -------------------
/opt/airflow/dags/crawl_data_dag.py                           1           0  0.09s           2025-04-12T11:28:46
================================================================================
[2025-04-12T11:29:37.367+0000] {manager.py:879} INFO - 
================================================================================
DAG File Processing Stats

File Path                            PID    Runtime      # DAGs    # Errors  Last Runtime    Last Run
-----------------------------------  -----  ---------  --------  ----------  --------------  -------------------
/opt/airflow/dags/crawl_data_dag.py                           1           0  0.10s           2025-04-12T11:29:16
================================================================================
[2025-04-12T11:30:07.544+0000] {manager.py:879} INFO - 
================================================================================
DAG File Processing Stats

File Path                            PID    Runtime      # DAGs    # Errors  Last Runtime    Last Run
-----------------------------------  -----  ---------  --------  ----------  --------------  -------------------
/opt/airflow/dags/crawl_data_dag.py                           1           0  0.11s           2025-04-12T11:29:46
================================================================================
[2025-04-12T11:30:37.759+0000] {manager.py:879} INFO - 
================================================================================
DAG File Processing Stats

File Path                            PID    Runtime      # DAGs    # Errors  Last Runtime    Last Run
-----------------------------------  -----  ---------  --------  ----------  --------------  -------------------
/opt/airflow/dags/crawl_data_dag.py                           1           0  0.11s           2025-04-12T11:30:16
================================================================================
[2025-04-12T11:31:07.924+0000] {manager.py:879} INFO - 
================================================================================
DAG File Processing Stats

File Path                            PID    Runtime      # DAGs    # Errors  Last Runtime    Last Run
-----------------------------------  -----  ---------  --------  ----------  --------------  -------------------
/opt/airflow/dags/crawl_data_dag.py                           1           0  0.10s           2025-04-12T11:30:46
================================================================================
[2025-04-12T11:31:38.108+0000] {manager.py:879} INFO - 
================================================================================
DAG File Processing Stats

File Path                            PID    Runtime      # DAGs    # Errors  Last Runtime    Last Run
-----------------------------------  -----  ---------  --------  ----------  --------------  -------------------
/opt/airflow/dags/crawl_data_dag.py                           1           0  0.10s           2025-04-12T11:31:17
================================================================================
[2025-04-12T11:32:08.257+0000] {manager.py:879} INFO - 
================================================================================
DAG File Processing Stats

File Path                            PID    Runtime      # DAGs    # Errors  Last Runtime    Last Run
-----------------------------------  -----  ---------  --------  ----------  --------------  -------------------
/opt/airflow/dags/crawl_data_dag.py                           1           0  0.10s           2025-04-12T11:31:47
================================================================================
[2025-04-12T11:32:30.408+0000] {manager.py:738} INFO - Searching for files in /opt/airflow/dags
[2025-04-12T11:32:30.411+0000] {manager.py:741} INFO - There are 1 files in /opt/airflow/dags
[2025-04-12T11:32:38.458+0000] {manager.py:879} INFO - 
================================================================================
DAG File Processing Stats

File Path                            PID    Runtime      # DAGs    # Errors  Last Runtime    Last Run
-----------------------------------  -----  ---------  --------  ----------  --------------  -------------------
/opt/airflow/dags/crawl_data_dag.py                           1           0  0.15s           2025-04-12T11:32:17
================================================================================
[2025-04-12T11:33:08.655+0000] {manager.py:879} INFO - 
================================================================================
DAG File Processing Stats

File Path                            PID    Runtime      # DAGs    # Errors  Last Runtime    Last Run
-----------------------------------  -----  ---------  --------  ----------  --------------  -------------------
/opt/airflow/dags/crawl_data_dag.py                           1           0  0.10s           2025-04-12T11:32:47
================================================================================
[2025-04-12T11:33:38.799+0000] {manager.py:879} INFO - 
================================================================================
DAG File Processing Stats

File Path                            PID    Runtime      # DAGs    # Errors  Last Runtime    Last Run
-----------------------------------  -----  ---------  --------  ----------  --------------  -------------------
/opt/airflow/dags/crawl_data_dag.py                           1           0  0.10s           2025-04-12T11:33:17
================================================================================
[2025-04-12T11:34:08.995+0000] {manager.py:879} INFO - 
================================================================================
DAG File Processing Stats

File Path                            PID    Runtime      # DAGs    # Errors  Last Runtime    Last Run
-----------------------------------  -----  ---------  --------  ----------  --------------  -------------------
/opt/airflow/dags/crawl_data_dag.py                           1           0  0.10s           2025-04-12T11:33:47
================================================================================
[2025-04-12T11:34:39.161+0000] {manager.py:879} INFO - 
================================================================================
DAG File Processing Stats

File Path                            PID    Runtime      # DAGs    # Errors  Last Runtime    Last Run
-----------------------------------  -----  ---------  --------  ----------  --------------  -------------------
/opt/airflow/dags/crawl_data_dag.py                           1           0  0.09s           2025-04-12T11:34:18
================================================================================
[2025-04-12T11:35:09.349+0000] {manager.py:879} INFO - 
================================================================================
DAG File Processing Stats

File Path                            PID    Runtime      # DAGs    # Errors  Last Runtime    Last Run
-----------------------------------  -----  ---------  --------  ----------  --------------  -------------------
/opt/airflow/dags/crawl_data_dag.py                           1           0  0.10s           2025-04-12T11:34:48
================================================================================
[2025-04-12T11:35:39.519+0000] {manager.py:879} INFO - 
================================================================================
DAG File Processing Stats

File Path                            PID    Runtime      # DAGs    # Errors  Last Runtime    Last Run
-----------------------------------  -----  ---------  --------  ----------  --------------  -------------------
/opt/airflow/dags/crawl_data_dag.py                           1           0  0.10s           2025-04-12T11:35:18
================================================================================
[2025-04-12T11:36:09.702+0000] {manager.py:879} INFO - 
================================================================================
DAG File Processing Stats

File Path                            PID    Runtime      # DAGs    # Errors  Last Runtime    Last Run
-----------------------------------  -----  ---------  --------  ----------  --------------  -------------------
/opt/airflow/dags/crawl_data_dag.py                           1           0  0.11s           2025-04-12T11:35:48
================================================================================
[2025-04-12T11:36:32.655+0000] {manager.py:451} INFO - Exiting gracefully upon receiving signal 15
